<?xml version="1.0" encoding="UTF-8"?>
<!-- Generated by org.testng.reporters.JUnitXMLReporter -->
<testsuite ignored="1" hostname="CLVITN-JRW7FS3" failures="0" tests="6" name="Test" time="38.059" errors="0" timestamp="2025-11-03T23:00:57 IST">
  <testcase classname="testCases.ErrorTestScenarios_LoginPage" name="loginWithLockedUser" time="0.609"/>
  <testcase classname="testCases.LoginLogoutEndToEnd_TestCases" name="loginToApplication" time="0.331"/>
  <testcase classname="testCases.LoginLogoutEndToEnd_TestCases" name="verifyProductPageTitle" time="0.026"/>
  <testcase classname="testCases.LoginLogoutEndToEnd_TestCases" name="verifyDowndownValuesOfSortOnProductsPage" time="0.152"/>
  <testcase classname="testCases.LoginLogoutEndToEnd_TestCases" name="selectDowndownValues" time="0.123"/>
  <testcase classname="testCases.LoginLogoutEndToEnd_TestCases" name="logoutFromoApplication" time="0.217"/>
  <testcase classname="testCases.ErrorTestScenarios_LoginPage" name="loginWithLockedUserFailureTest" time="0.0">
    <ignored/>
  </testcase> <!-- loginWithLockedUserFailureTest -->
</testsuite> <!-- Test -->
