<?xml version="1.0" encoding="UTF-8"?>
<!-- Generated by org.testng.reporters.JUnitReportReporter -->
<testsuite hostname="CLVITN-JRW7FS3" failures="0" tests="5" name="testCases.LoginLogoutEndToEnd_TestCases" time="0.856" errors="0" timestamp="2025-11-03T23:00:57 IST" skipped="0">
  <testcase classname="testCases.LoginLogoutEndToEnd_TestCases" name="loginToApplication" time="0.332"/>
  <system-out/>
  <testcase classname="testCases.LoginLogoutEndToEnd_TestCases" name="verifyProductPageTitle" time="0.029"/>
  <system-out/>
  <testcase classname="testCases.LoginLogoutEndToEnd_TestCases" name="verifyDowndownValuesOfSortOnProductsPage" time="0.152"/>
  <system-out/>
  <testcase classname="testCases.LoginLogoutEndToEnd_TestCases" name="selectDowndownValues" time="0.123"/>
  <system-out/>
  <testcase classname="testCases.LoginLogoutEndToEnd_TestCases" name="logoutFromoApplication" time="0.220"/>
  <system-out/>
</testsuite> <!-- testCases.LoginLogoutEndToEnd_TestCases -->
