<?xml version="1.0" encoding="UTF-8"?>
<!-- Generated by org.testng.reporters.JUnitReportReporter -->
<testsuite hostname="CLVITN-JRW7FS3" failures="0" tests="2" name="testCases.ErrorTestScenarios_LoginPage" time="0.745" errors="0" timestamp="2025-11-03T23:00:57 IST" skipped="1">
  <testcase classname="testCases.ErrorTestScenarios_LoginPage" name="loginWithLockedUser" time="0.745"/>
  <system-out/>
  <testcase classname="testCases.ErrorTestScenarios_LoginPage" name="loginWithLockedUserFailureTest">
    <skipped/>
  </testcase> <!-- loginWithLockedUserFailureTest -->
  <system-out/>
</testsuite> <!-- testCases.ErrorTestScenarios_LoginPage -->
